<?xml version="1.0" encoding="UTF-8"?>
<!-- Generated by org.testng.reporters.JUnitReportReporter -->
<testsuite hostname="LAPTOP-BCCC2A8Q" failures="0" tests="1" name="DatabaseTesting.DatabaseTestingPage" time="11.828" errors="0" timestamp="2023-07-16T10:07:36 IST" skipped="0">
  <testcase classname="DatabaseTesting.DatabaseTestingPage" name="test_DataBase" time="11.828"/>
</testsuite> <!-- DatabaseTesting.DatabaseTestingPage -->
