<?xml version="1.0" encoding="UTF-8"?>
<!-- Generated by org.testng.reporters.JUnitReportReporter -->
<testsuite hostname="LAPTOP-BCCC2A8Q" failures="0" tests="1" name="DatabaseTesting.DatabaseTestingPage" time="12.419" errors="0" timestamp="2023-07-16T09:50:51 IST" skipped="0">
  <testcase classname="DatabaseTesting.DatabaseTestingPage" name="test_DataBase" time="12.419"/>
</testsuite> <!-- DatabaseTesting.DatabaseTestingPage -->
