<?xml version="1.0" encoding="UTF-8"?>
<!-- Generated by org.testng.reporters.JUnitReportReporter -->
<testsuite hostname="LAPTOP-BCCC2A8Q" failures="0" tests="1" name="DatabaseTesting.DataBaseTesting" time="22.008" errors="0" timestamp="2023-07-15T14:07:59 IST" skipped="0">
  <testcase classname="DatabaseTesting.DataBaseTesting" name="test_DataBase" time="22.008"/>
</testsuite> <!-- DatabaseTesting.DataBaseTesting -->
